This is pdfTeX, Version 3.14159265-2.6-1.40.20 (MiKTeX 2.9.7050 64-bit) (preloaded format=pdflatex 2019.6.12)  17 JUN 2019 17:08
entering extended mode
**./Rasto_darbas.tex
(Rasto_darbas.tex
LaTeX2e <2018-12-01>
("C:\Users\Akvile\AppData\Local\Programs\MiKTeX 2.9\tex/latex/base\article.cls"
Document Class: article 2018/09/03 v1.4i Standard LaTeX document class
("C:\Users\Akvile\AppData\Local\Programs\MiKTeX 2.9\tex/latex/base\size12.clo"
File: size12.clo 2018/09/03 v1.4i Standard LaTeX file (size option)
)
\c@part=\count80
\c@section=\count81
\c@subsection=\count82
\c@subsubsection=\count83
\c@paragraph=\count84
\c@subparagraph=\count85
\c@figure=\count86
\c@table=\count87
\abovecaptionskip=\skip41
\belowcaptionskip=\skip42
\bibindent=\dimen102
)
("C:\Users\Akvile\AppData\Local\Programs\MiKTeX 2.9\tex/latex/geometry\geometry
.sty"
Package: geometry 2018/04/16 v5.8 Page Geometry

("C:\Users\Akvile\AppData\Local\Programs\MiKTeX 2.9\tex/latex/graphics\keyval.s
ty"
Package: keyval 2014/10/28 v1.15 key=value parser (DPC)
\KV@toks@=\toks14
)
("C:\Users\Akvile\AppData\Local\Programs\MiKTeX 2.9\tex/generic/oberdiek\ifpdf.
sty"
Package: ifpdf 2018/09/07 v3.3 Provides the ifpdf switch
)
("C:\Users\Akvile\AppData\Local\Programs\MiKTeX 2.9\tex/generic/oberdiek\ifvtex
.sty"
Package: ifvtex 2016/05/16 v1.6 Detect VTeX and its facilities (HO)
Package ifvtex Info: VTeX not detected.
)
("C:\Users\Akvile\AppData\Local\Programs\MiKTeX 2.9\tex/generic/ifxetex\ifxetex
.sty"
Package: ifxetex 2010/09/12 v0.6 Provides ifxetex conditional
)
\Gm@cnth=\count88
\Gm@cntv=\count89
\c@Gm@tempcnt=\count90
\Gm@bindingoffset=\dimen103
\Gm@wd@mp=\dimen104
\Gm@odd@mp=\dimen105
\Gm@even@mp=\dimen106
\Gm@layoutwidth=\dimen107
\Gm@layoutheight=\dimen108
\Gm@layouthoffset=\dimen109
\Gm@layoutvoffset=\dimen110
\Gm@dimlist=\toks15

("C:\Users\Akvile\AppData\Local\Programs\MiKTeX 2.9\tex/latex/geometry\geometry
.cfg")

Package geometry Warning: Over-specification in `h'-direction.
    `width' (483.69684pt) is ignored.


Package geometry Warning: Over-specification in `v'-direction.
    `height' (731.23582pt) is ignored.

)
("C:\Users\Akvile\AppData\Local\Programs\MiKTeX 2.9\tex/latex/base\inputenc.sty
"
Package: inputenc 2018/08/11 v1.3c Input encoding file
\inpenc@prehook=\toks16
\inpenc@posthook=\toks17
)
("C:\Users\Akvile\AppData\Local\Programs\MiKTeX 2.9\tex/latex/base\fontenc.sty"
Package: fontenc 2018/08/11 v2.0j Standard LaTeX package

("C:\Users\Akvile\AppData\Local\Programs\MiKTeX 2.9\tex/latex/lithuanian\l7xenc
.def"
File: l7xenc.def 2017/12/06 v2.0 LaTeX-LT file
Now handling font encoding L7x ...
... processing UTF-8 mapping file for font encoding L7x

("C:\Users\Akvile\AppData\Local\Programs\MiKTeX 2.9\tex/latex/lithuanian\l7xenc
.dfu"
File: l7xenc.dfu 2006/09/21 v0.1b L7x support for inputenc
   defining Unicode char U+02C7 (decimal 711)
   defining Unicode char U+02D8 (decimal 728)
   defining Unicode char U+02D9 (decimal 729)
   defining Unicode char U+201A (decimal 8218)
   defining Unicode char U+2039 (decimal 8249)
   defining Unicode char U+203A (decimal 8250)
   defining Unicode char U+201C (decimal 8220)
   defining Unicode char U+201D (decimal 8221)
   defining Unicode char U+201E (decimal 8222)
   defining Unicode char U+00AB (decimal 171)
   defining Unicode char U+00BB (decimal 187)
   defining Unicode char U+2013 (decimal 8211)
   defining Unicode char U+2014 (decimal 8212)
   defining Unicode char U+200C (decimal 8204)
   defining Unicode char U+2030 (decimal 8240)
   defining Unicode char U+20AC (decimal 8364)
   defining Unicode char U+0192 (decimal 402)
   defining Unicode char U+2026 (decimal 8230)
   defining Unicode char U+2020 (decimal 8224)
   defining Unicode char U+2021 (decimal 8225)
   defining Unicode char U+0152 (decimal 338)
   defining Unicode char U+2018 (decimal 8216)
   defining Unicode char U+2019 (decimal 8217)
   defining Unicode char U+2022 (decimal 8226)
   defining Unicode char U+2122 (decimal 8482)
   defining Unicode char U+0156 (decimal 342)
   defining Unicode char U+00A2 (decimal 162)
   defining Unicode char U+00A3 (decimal 163)
   defining Unicode char U+00A4 (decimal 164)
   defining Unicode char U+201E (decimal 8222)
   defining Unicode char U+00A6 (decimal 166)
   defining Unicode char U+00A7 (decimal 167)
   defining Unicode char U+00D8 (decimal 216)
   defining Unicode char U+00A9 (decimal 169)
   defining Unicode char U+0156 (decimal 342)
   defining Unicode char U+00AC (decimal 172)
   defining Unicode char U+00AE (decimal 174)
   defining Unicode char U+00C6 (decimal 198)
   defining Unicode char U+00B0 (decimal 176)
   defining Unicode char U+00B1 (decimal 177)
   defining Unicode char U+00B2 (decimal 178)
   defining Unicode char U+00B3 (decimal 179)
   defining Unicode char U+201D (decimal 8221)
   defining Unicode char U+00B5 (decimal 181)
   defining Unicode char U+00B6 (decimal 182)
   defining Unicode char U+00B7 (decimal 183)
   defining Unicode char U+00F8 (decimal 248)
   defining Unicode char U+00B9 (decimal 185)
   defining Unicode char U+0157 (decimal 343)
   defining Unicode char U+00BC (decimal 188)
   defining Unicode char U+00BD (decimal 189)
   defining Unicode char U+00BE (decimal 190)
   defining Unicode char U+00E6 (decimal 230)
   defining Unicode char U+0104 (decimal 260)
   defining Unicode char U+012E (decimal 302)
   defining Unicode char U+0100 (decimal 256)
   defining Unicode char U+0106 (decimal 262)
   defining Unicode char U+00C4 (decimal 196)
   defining Unicode char U+00C5 (decimal 197)
   defining Unicode char U+0118 (decimal 280)
   defining Unicode char U+0112 (decimal 274)
   defining Unicode char U+010C (decimal 268)
   defining Unicode char U+00C9 (decimal 201)
   defining Unicode char U+0179 (decimal 377)
   defining Unicode char U+0116 (decimal 278)
   defining Unicode char U+0122 (decimal 290)
   defining Unicode char U+0136 (decimal 310)
   defining Unicode char U+012A (decimal 298)
   defining Unicode char U+013B (decimal 315)
   defining Unicode char U+0160 (decimal 352)
   defining Unicode char U+0143 (decimal 323)
   defining Unicode char U+0145 (decimal 325)
   defining Unicode char U+00D3 (decimal 211)
   defining Unicode char U+014C (decimal 332)
   defining Unicode char U+00D5 (decimal 213)
   defining Unicode char U+00D6 (decimal 214)
   defining Unicode char U+00D7 (decimal 215)
   defining Unicode char U+0172 (decimal 370)
   defining Unicode char U+0141 (decimal 321)
   defining Unicode char U+015A (decimal 346)
   defining Unicode char U+016A (decimal 362)
   defining Unicode char U+00DC (decimal 220)
   defining Unicode char U+017B (decimal 379)
   defining Unicode char U+017D (decimal 381)
   defining Unicode char U+00DF (decimal 223)
   defining Unicode char U+0105 (decimal 261)
   defining Unicode char U+012F (decimal 303)
   defining Unicode char U+0101 (decimal 257)
   defining Unicode char U+0107 (decimal 263)
   defining Unicode char U+00E4 (decimal 228)
   defining Unicode char U+00E5 (decimal 229)
   defining Unicode char U+0119 (decimal 281)
   defining Unicode char U+0113 (decimal 275)
   defining Unicode char U+010D (decimal 269)
   defining Unicode char U+00E9 (decimal 233)
   defining Unicode char U+017A (decimal 378)
   defining Unicode char U+0117 (decimal 279)
   defining Unicode char U+0123 (decimal 291)
   defining Unicode char U+0137 (decimal 311)
   defining Unicode char U+012B (decimal 299)
   defining Unicode char U+013C (decimal 316)
   defining Unicode char U+0161 (decimal 353)
   defining Unicode char U+0144 (decimal 324)
   defining Unicode char U+0146 (decimal 326)
   defining Unicode char U+00F3 (decimal 243)
   defining Unicode char U+0140 (decimal 320)
   defining Unicode char U+00F5 (decimal 245)
   defining Unicode char U+00F6 (decimal 246)
   defining Unicode char U+00F7 (decimal 247)
   defining Unicode char U+0173 (decimal 371)
   defining Unicode char U+0142 (decimal 322)
   defining Unicode char U+015B (decimal 347)
   defining Unicode char U+016B (decimal 363)
   defining Unicode char U+00FC (decimal 252)
   defining Unicode char U+017C (decimal 380)
   defining Unicode char U+017E (decimal 382)
))
LaTeX Font Info:    Try loading font information for L7x+lmr on input line 105.


("C:\Users\Akvile\AppData\Local\Programs\MiKTeX 2.9\tex/latex/lm\l7xlmr.fd"
File: l7xlmr.fd 2009/10/30 v1.6 Font defs for Latin Modern
))
("C:\Users\Akvile\AppData\Local\Programs\MiKTeX 2.9\tex/generic/babel\babel.sty
"
Package: babel 2019/06/03 3.32 The Babel package

("C:\Users\Akvile\AppData\Local\Programs\MiKTeX 2.9\tex/generic/babel\switch.de
f"
File: switch.def 2019/06/03 3.32 Babel switching mechanism
)
*************************************
* Local config file bblopts.cfg used
*
("C:\Users\Akvile\AppData\Local\Programs\MiKTeX 2.9\tex/latex/arabi\bblopts.cfg
"
File: bblopts.cfg 2005/09/08 v0.1 add Arabic and Farsi to "declared" options of
 babel
)
("C:\Users\Akvile\AppData\Local\Programs\MiKTeX 2.9\tex/latex/lithuanian\lithua
nian.ldf"
Language: lithuanian 2017/12/06 v1.0 Lithuanian support from the babel system

("C:\Users\Akvile\AppData\Local\Programs\MiKTeX 2.9\tex/generic/babel\babel.def
"
File: babel.def 2019/06/03 3.32 Babel common definitions
\babel@savecnt=\count91
\U@D=\dimen111

("C:\Users\Akvile\AppData\Local\Programs\MiKTeX 2.9\tex/generic/babel\txtbabel.
def")
\bbl@dirlevel=\count92
)))
("C:\Users\Akvile\AppData\Local\Programs\MiKTeX 2.9\tex/latex/amsmath\amsmath.s
ty"
Package: amsmath 2018/12/01 v2.17b AMS math features
\@mathmargin=\skip43

For additional information on amsmath, use the `?' option.

("C:\Users\Akvile\AppData\Local\Programs\MiKTeX 2.9\tex/latex/amsmath\amstext.s
ty"
Package: amstext 2000/06/29 v2.01 AMS text

("C:\Users\Akvile\AppData\Local\Programs\MiKTeX 2.9\tex/latex/amsmath\amsgen.st
y"
File: amsgen.sty 1999/11/30 v2.0 generic functions
\@emptytoks=\toks18
\ex@=\dimen112
))
("C:\Users\Akvile\AppData\Local\Programs\MiKTeX 2.9\tex/latex/amsmath\amsbsy.st
y"
Package: amsbsy 1999/11/29 v1.2d Bold Symbols
\pmbraise@=\dimen113
)
("C:\Users\Akvile\AppData\Local\Programs\MiKTeX 2.9\tex/latex/amsmath\amsopn.st
y"
Package: amsopn 2016/03/08 v2.02 operator names
)
\inf@bad=\count93
LaTeX Info: Redefining \frac on input line 223.
\uproot@=\count94
\leftroot@=\count95
LaTeX Info: Redefining \overline on input line 385.
\classnum@=\count96
\DOTSCASE@=\count97
LaTeX Info: Redefining \ldots on input line 482.
LaTeX Info: Redefining \dots on input line 485.
LaTeX Info: Redefining \cdots on input line 606.
\Mathstrutbox@=\box27
\strutbox@=\box28
\big@size=\dimen114
LaTeX Font Info:    Redeclaring font encoding OML on input line 729.
LaTeX Font Info:    Redeclaring font encoding OMS on input line 730.
\macc@depth=\count98
\c@MaxMatrixCols=\count99
\dotsspace@=\muskip10
\c@parentequation=\count100
\dspbrk@lvl=\count101
\tag@help=\toks19
\row@=\count102
\column@=\count103
\maxfields@=\count104
\andhelp@=\toks20
\eqnshift@=\dimen115
\alignsep@=\dimen116
\tagshift@=\dimen117
\tagwidth@=\dimen118
\totwidth@=\dimen119
\lineht@=\dimen120
\@envbody=\toks21
\multlinegap=\skip44
\multlinetaggap=\skip45
\mathdisplay@stack=\toks22
LaTeX Info: Redefining \[ on input line 2844.
LaTeX Info: Redefining \] on input line 2845.
)
("C:\Users\Akvile\AppData\Local\Programs\MiKTeX 2.9\tex/latex/amsfonts\amsfonts
.sty"
Package: amsfonts 2013/01/14 v3.01 Basic AMSFonts support
\symAMSa=\mathgroup4
\symAMSb=\mathgroup5
LaTeX Font Info:    Overwriting math alphabet `\mathfrak' in version `bold'
(Font)                  U/euf/m/n --> U/euf/b/n on input line 106.
)
("C:\Users\Akvile\AppData\Local\Programs\MiKTeX 2.9\tex/latex/amsfonts\amssymb.
sty"
Package: amssymb 2013/01/14 v3.01 AMS font symbols
)
("C:\Users\Akvile\AppData\Local\Programs\MiKTeX 2.9\tex/latex/tex-gyre\tgtermes
.sty"
Package: tgtermes 2009/09/27 v1.2 TeX Gyre Termes as default roman family

("C:\Users\Akvile\AppData\Local\Programs\MiKTeX 2.9\tex/latex/oberdiek\kvoption
s.sty"
Package: kvoptions 2016/05/16 v3.12 Key value format for package options (HO)

("C:\Users\Akvile\AppData\Local\Programs\MiKTeX 2.9\tex/generic/oberdiek\ltxcmd
s.sty"
Package: ltxcmds 2016/05/16 v1.23 LaTeX kernel commands for general use (HO)
)
("C:\Users\Akvile\AppData\Local\Programs\MiKTeX 2.9\tex/generic/oberdiek\kvsetk
eys.sty"
Package: kvsetkeys 2016/05/16 v1.17 Key value parser (HO)

("C:\Users\Akvile\AppData\Local\Programs\MiKTeX 2.9\tex/generic/oberdiek\infwar
err.sty"
Package: infwarerr 2016/05/16 v1.4 Providing info/warning/error messages (HO)
)
("C:\Users\Akvile\AppData\Local\Programs\MiKTeX 2.9\tex/generic/oberdiek\etexcm
ds.sty"
Package: etexcmds 2016/05/16 v1.6 Avoid name clashes with e-TeX commands (HO)

("C:\Users\Akvile\AppData\Local\Programs\MiKTeX 2.9\tex/generic/oberdiek\ifluat
ex.sty"
Package: ifluatex 2016/05/16 v1.4 Provides the ifluatex switch (HO)
Package ifluatex Info: LuaTeX not detected.
)))))
("C:\Users\Akvile\AppData\Local\Programs\MiKTeX 2.9\tex/latex/multirow\multirow
.sty"
Package: multirow 2019/05/31 v2.5 Span multiple rows of a table
\multirow@colwidth=\skip46
\multirow@cntb=\count105
\multirow@dima=\skip47
\bigstrutjot=\dimen121
)
("C:\Users\Akvile\AppData\Local\Programs\MiKTeX 2.9\tex/latex/biblatex\biblatex
.sty"
Package: biblatex 2018/11/02 v3.12 programmable bibliographies (PK/MW)

("C:\Users\Akvile\AppData\Local\Programs\MiKTeX 2.9\tex/generic/oberdiek\pdftex
cmds.sty"
Package: pdftexcmds 2018/09/10 v0.29 Utility functions of pdfTeX for LuaTeX (HO
)
Package pdftexcmds Info: LuaTeX not detected.
Package pdftexcmds Info: \pdf@primitive is available.
Package pdftexcmds Info: \pdf@ifprimitive is available.
Package pdftexcmds Info: \pdfdraftmode found.
)
("C:\Users\Akvile\AppData\Local\Programs\MiKTeX 2.9\tex/latex/etoolbox\etoolbox
.sty"
Package: etoolbox 2018/08/19 v2.5f e-TeX tools for LaTeX (JAW)
\etb@tempcnta=\count106
)
("C:\Users\Akvile\AppData\Local\Programs\MiKTeX 2.9\tex/latex/logreq\logreq.sty
"
Package: logreq 2010/08/04 v1.0 xml request logger
\lrq@indent=\count107

("C:\Users\Akvile\AppData\Local\Programs\MiKTeX 2.9\tex/latex/logreq\logreq.def
"
File: logreq.def 2010/08/04 v1.0 logreq spec v1.0
))
("C:\Users\Akvile\AppData\Local\Programs\MiKTeX 2.9\tex/latex/base\ifthen.sty"
Package: ifthen 2014/09/29 v1.1c Standard LaTeX ifthen package (DPC)
) ("C:\Users\Akvile\AppData\Local\Programs\MiKTeX 2.9\tex/latex/url\url.sty"
\Urlmuskip=\muskip11
Package: url 2013/09/16  ver 3.4  Verb mode for urls, etc.
)
\c@tabx@nest=\count108
\c@listtotal=\count109
\c@listcount=\count110
\c@liststart=\count111
\c@liststop=\count112
\c@citecount=\count113
\c@citetotal=\count114
\c@multicitecount=\count115
\c@multicitetotal=\count116
\c@instcount=\count117
\c@maxnames=\count118
\c@minnames=\count119
\c@maxitems=\count120
\c@minitems=\count121
\c@citecounter=\count122
\c@maxcitecounter=\count123
\c@savedcitecounter=\count124
\c@uniquelist=\count125
\c@uniquename=\count126
\c@refsection=\count127
\c@refsegment=\count128
\c@maxextratitle=\count129
\c@maxextratitleyear=\count130
\c@maxextraname=\count131
\c@maxextradate=\count132
\c@maxextraalpha=\count133
\c@abbrvpenalty=\count134
\c@highnamepenalty=\count135
\c@lownamepenalty=\count136
\c@maxparens=\count137
\c@parenlevel=\count138
\blx@tempcnta=\count139
\blx@tempcntb=\count140
\blx@tempcntc=\count141
\blx@maxsection=\count142
\blx@maxsegment@0=\count143
\blx@notetype=\count144
\blx@parenlevel@text=\count145
\blx@parenlevel@foot=\count146
\blx@sectionciteorder@0=\count147
\blx@entrysetcounter=\count148
\labelnumberwidth=\skip48
\labelalphawidth=\skip49
\biblabelsep=\skip50
\bibitemsep=\skip51
\bibnamesep=\skip52
\bibinitsep=\skip53
\bibparsep=\skip54
\bibhang=\skip55
\blx@bcfin=\read1
\blx@bcfout=\write3
\c@mincomprange=\count149
\c@maxcomprange=\count150
\c@mincompwidth=\count151
Package biblatex Info: Trying to load biblatex default data model...
Package biblatex Info: ... file 'blx-dm.def' found.

("C:\Users\Akvile\AppData\Local\Programs\MiKTeX 2.9\tex/latex/biblatex\blx-dm.d
ef"
File: blx-dm.def 2018/11/02 v3.12 biblatex localization (PK/MW)
)
Package biblatex Info: Trying to load biblatex style data model...
Package biblatex Info: ... file 'apa.dbx' found.

("C:\Users\Akvile\AppData\Local\Programs\MiKTeX 2.9\tex/latex/biblatex-apa\apa.
dbx"
File: apa.dbx 2018/04/02 v7.7 APA biblatex style data model
)
Package biblatex Info: Trying to load biblatex custom data model...
Package biblatex Info: ... file 'biblatex-dm.cfg' not found.
\c@afterword=\count152
\c@savedafterword=\count153
\c@annotator=\count154
\c@savedannotator=\count155
\c@author=\count156
\c@savedauthor=\count157
\c@bookauthor=\count158
\c@savedbookauthor=\count159
\c@commentator=\count160
\c@savedcommentator=\count161
\c@editor=\count162
\c@savededitor=\count163
\c@editora=\count164
\c@savededitora=\count165
\c@editorb=\count166
\c@savededitorb=\count167
\c@editorc=\count168
\c@savededitorc=\count169
\c@foreword=\count170
\c@savedforeword=\count171
\c@holder=\count172
\c@savedholder=\count173
\c@introduction=\count174
\c@savedintroduction=\count175
\c@namea=\count176
\c@savednamea=\count177
\c@nameb=\count178
\c@savednameb=\count179
\c@namec=\count180
\c@savednamec=\count181
\c@translator=\count182
\c@savedtranslator=\count183
\c@shortauthor=\count184
\c@savedshortauthor=\count185
\c@shorteditor=\count186
\c@savedshorteditor=\count187
\c@with=\count188
\c@savedwith=\count189
\c@writer=\count190
\c@savedwriter=\count191
\c@producer=\count192
\c@savedproducer=\count193
\c@execproducer=\count194
\c@savedexecproducer=\count195
\c@director=\count196
\c@saveddirector=\count197
\c@labelname=\count198
\c@savedlabelname=\count199
\c@institution=\count266
\c@savedinstitution=\count267
\c@lista=\count268
\c@savedlista=\count269
\c@listb=\count270
\c@savedlistb=\count271
\c@listc=\count272
\c@savedlistc=\count273
\c@listd=\count274
\c@savedlistd=\count275
\c@liste=\count276
\c@savedliste=\count277
\c@listf=\count278
\c@savedlistf=\count279
\c@location=\count280
\c@savedlocation=\count281
\c@organization=\count282
\c@savedorganization=\count283
\c@origlocation=\count284
\c@savedoriglocation=\count285
\c@origpublisher=\count286
\c@savedorigpublisher=\count287
\c@publisher=\count288
\c@savedpublisher=\count289
\c@language=\count290
\c@savedlanguage=\count291
\c@origlanguage=\count292
\c@savedoriglanguage=\count293
\c@pageref=\count294
\c@savedpageref=\count295
\shorthandwidth=\skip56
\shortjournalwidth=\skip57
\shortserieswidth=\skip58
\shorttitlewidth=\skip59
\shortauthorwidth=\skip60
\shorteditorwidth=\skip61
\locallabelnumberwidth=\skip62
\locallabelalphawidth=\skip63
\localshorthandwidth=\skip64
\localshortjournalwidth=\skip65
\localshortserieswidth=\skip66
\localshorttitlewidth=\skip67
\localshortauthorwidth=\skip68
\localshorteditorwidth=\skip69
Package biblatex Info: Trying to load compatibility code...
Package biblatex Info: ... file 'blx-compat.def' found.

("C:\Users\Akvile\AppData\Local\Programs\MiKTeX 2.9\tex/latex/biblatex\blx-comp
at.def"
File: blx-compat.def 2018/11/02 v3.12 biblatex compatibility (PK/MW)
)
Package biblatex Info: Trying to load generic definitions...
Package biblatex Info: ... file 'biblatex.def' found.

("C:\Users\Akvile\AppData\Local\Programs\MiKTeX 2.9\tex/latex/biblatex\biblatex
.def"
File: biblatex.def 2018/11/02 v3.12 biblatex compatibility (PK/MW)
\c@textcitecount=\count296
\c@textcitetotal=\count297
\c@textcitemaxnames=\count298
\c@biburlnumpenalty=\count299
\c@biburlucpenalty=\count300
\c@biburllcpenalty=\count301
\c@smartand=\count302
)
Package biblatex Info: Trying to load bibliography style 'apa'...
Package biblatex Info: ... file 'apa.bbx' found.

("C:\Users\Akvile\AppData\Local\Programs\MiKTeX 2.9\tex/latex/biblatex-apa\apa.
bbx"
File: apa.bbx 2018/04/02 v7.7 APA biblatex references style
Package biblatex Info: Trying to load bibliography style 'standard'...
Package biblatex Info: ... file 'standard.bbx' found.

("C:\Users\Akvile\AppData\Local\Programs\MiKTeX 2.9\tex/latex/biblatex/bbx\stan
dard.bbx"
File: standard.bbx 2018/11/02 v3.12 biblatex bibliography style (PK/MW)
\c@bbx:relatedcount=\count303
\c@bbx:relatedtotal=\count304
))
Package biblatex Info: Trying to load citation style 'apa'...
Package biblatex Info: ... file 'apa.cbx' found.

("C:\Users\Akvile\AppData\Local\Programs\MiKTeX 2.9\tex/latex/biblatex-apa\apa.
cbx"
File: apa.cbx 2018/04/02 v7.7 APA biblatex citation style
Package biblatex Info: Delimiter 'nameyeardelim' in context '' already defined,
 overwriting.
Package biblatex Info: Delimiter 'nameyeardelim' in context 'textcite' already 
defined, overwriting.
Package biblatex Info: Delimiter 'andothersdelim' in context '' already defined
, overwriting.
Package biblatex Info: Redefining '\parencite'.
Package biblatex Info: Redefining '\fullcite'.
Package biblatex Info: Redefining '\citeyear'.
Package biblatex Info: Redefining '\cite'.
Package biblatex Info: Redefining '\footcite'.
Package biblatex Info: Redefining '\textcites'.
Package biblatex Info: Redefining '\textcite'.
Package biblatex Info: Redefining '\citeauthor'.
)
Package biblatex Info: Trying to load configuration file...
Package biblatex Info: ... file 'biblatex.cfg' found.

("C:\Users\Akvile\AppData\Local\Programs\MiKTeX 2.9\tex/latex/biblatex\biblatex
.cfg"
File: biblatex.cfg 
))
("C:\Users\Akvile\AppData\Local\Programs\MiKTeX 2.9\tex/latex/graphics\graphicx
.sty"
Package: graphicx 2017/06/01 v1.1a Enhanced LaTeX Graphics (DPC,SPQR)

("C:\Users\Akvile\AppData\Local\Programs\MiKTeX 2.9\tex/latex/graphics\graphics
.sty"
Package: graphics 2017/06/25 v1.2c Standard LaTeX Graphics (DPC,SPQR)

("C:\Users\Akvile\AppData\Local\Programs\MiKTeX 2.9\tex/latex/graphics\trig.sty
"
Package: trig 2016/01/03 v1.10 sin cos tan (DPC)
)
("C:\Users\Akvile\AppData\Local\Programs\MiKTeX 2.9\tex/latex/graphics-cfg\grap
hics.cfg"
File: graphics.cfg 2016/06/04 v1.11 sample graphics configuration
)
Package graphics Info: Driver file: pdftex.def on input line 99.

("C:\Users\Akvile\AppData\Local\Programs\MiKTeX 2.9\tex/latex/graphics-def\pdft
ex.def"
File: pdftex.def 2018/01/08 v1.0l Graphics/color driver for pdftex
))
\Gin@req@height=\dimen122
\Gin@req@width=\dimen123
)
("C:\Users\Akvile\AppData\Local\Programs\MiKTeX 2.9\tex/latex/float\float.sty"
Package: float 2001/11/08 v1.3d Float enhancements (AL)
\c@float@type=\count305
\float@exts=\toks23
\float@box=\box29
\@float@everytoks=\toks24
\@floatcapt=\box30
)
("C:\Users\Akvile\AppData\Local\Programs\MiKTeX 2.9\tex/latex/setspace\setspace
.sty"
Package: setspace 2011/12/19 v6.7a set line spacing
)
LaTeX Font Info:    Try loading font information for L7x+qtm on input line 23.

("C:\Users\Akvile\AppData\Local\Programs\MiKTeX 2.9\tex/latex/tex-gyre\l7xqtm.f
d"
File: l7xqtm.fd 2009/09/25 v1.2 font definition file for L7x/qtm
)
("C:\Users\Akvile\AppData\Local\Programs\MiKTeX 2.9\tex/latex/hyperref\hyperref
.sty"
Package: hyperref 2018/11/30 v6.88e Hypertext links for LaTeX

("C:\Users\Akvile\AppData\Local\Programs\MiKTeX 2.9\tex/generic/oberdiek\hobsub
-hyperref.sty"
Package: hobsub-hyperref 2016/05/16 v1.14 Bundle oberdiek, subset hyperref (HO)


("C:\Users\Akvile\AppData\Local\Programs\MiKTeX 2.9\tex/generic/oberdiek\hobsub
-generic.sty"
Package: hobsub-generic 2016/05/16 v1.14 Bundle oberdiek, subset generic (HO)
Package: hobsub 2016/05/16 v1.14 Construct package bundles (HO)
Package hobsub Info: Skipping package `infwarerr' (already loaded).
Package hobsub Info: Skipping package `ltxcmds' (already loaded).
Package hobsub Info: Skipping package `ifluatex' (already loaded).
Package hobsub Info: Skipping package `ifvtex' (already loaded).
Package: intcalc 2016/05/16 v1.2 Expandable calculations with integers (HO)
Package hobsub Info: Skipping package `ifpdf' (already loaded).
Package hobsub Info: Skipping package `etexcmds' (already loaded).
Package hobsub Info: Skipping package `kvsetkeys' (already loaded).
Package: kvdefinekeys 2016/05/16 v1.4 Define keys (HO)
Package hobsub Info: Skipping package `pdftexcmds' (already loaded).
Package: pdfescape 2016/05/16 v1.14 Implements pdfTeX's escape features (HO)
Package: bigintcalc 2016/05/16 v1.4 Expandable calculations on big integers (HO
)
Package: bitset 2016/05/16 v1.2 Handle bit-vector datatype (HO)
Package: uniquecounter 2016/05/16 v1.3 Provide unlimited unique counter (HO)
)
Package hobsub Info: Skipping package `hobsub' (already loaded).
Package: letltxmacro 2016/05/16 v1.5 Let assignment for LaTeX macros (HO)
Package: hopatch 2016/05/16 v1.3 Wrapper for package hooks (HO)
Package: xcolor-patch 2016/05/16 xcolor patch
Package: atveryend 2016/05/16 v1.9 Hooks at the very end of document (HO)
Package: atbegshi 2016/06/09 v1.18 At begin shipout hook (HO)
Package: refcount 2016/05/16 v3.5 Data extraction from label references (HO)
Package: hycolor 2016/05/16 v1.8 Color options for hyperref/bookmark (HO)
)
("C:\Users\Akvile\AppData\Local\Programs\MiKTeX 2.9\tex/latex/oberdiek\auxhook.
sty"
Package: auxhook 2016/05/16 v1.4 Hooks for auxiliary files (HO)
)
\@linkdim=\dimen124
\Hy@linkcounter=\count306
\Hy@pagecounter=\count307

("C:\Users\Akvile\AppData\Local\Programs\MiKTeX 2.9\tex/latex/hyperref\pd1enc.d
ef"
File: pd1enc.def 2018/11/30 v6.88e Hyperref: PDFDocEncoding definition (HO)
Now handling font encoding PD1 ...
... no UTF-8 mapping file for font encoding PD1
)
\Hy@SavedSpaceFactor=\count308

("C:\Users\Akvile\AppData\Local\Programs\MiKTeX 2.9\tex/latex/00miktex\hyperref
.cfg"
File: hyperref.cfg 2002/06/06 v1.2 hyperref configuration of TeXLive
)
Package hyperref Info: Hyper figures OFF on input line 4519.
Package hyperref Info: Link nesting OFF on input line 4524.
Package hyperref Info: Hyper index ON on input line 4527.
Package hyperref Info: Plain pages OFF on input line 4534.
Package hyperref Info: Backreferencing OFF on input line 4539.
Package hyperref Info: Implicit mode ON; LaTeX internals redefined.
Package hyperref Info: Bookmarks ON on input line 4772.
\c@Hy@tempcnt=\count309
LaTeX Info: Redefining \url on input line 5125.
\XeTeXLinkMargin=\dimen125
\Fld@menulength=\count310
\Field@Width=\dimen126
\Fld@charsize=\dimen127
Package hyperref Info: Hyper figures OFF on input line 6380.
Package hyperref Info: Link nesting OFF on input line 6385.
Package hyperref Info: Hyper index ON on input line 6388.
Package hyperref Info: backreferencing OFF on input line 6395.
Package hyperref Info: Link coloring OFF on input line 6400.
Package hyperref Info: Link coloring with OCG OFF on input line 6405.
Package hyperref Info: PDF/A mode OFF on input line 6410.
LaTeX Info: Redefining \ref on input line 6450.
LaTeX Info: Redefining \pageref on input line 6454.
\Hy@abspage=\count311
\c@Item=\count312
\c@Hfootnote=\count313
)
Package hyperref Info: Driver (autodetected): hpdftex.

("C:\Users\Akvile\AppData\Local\Programs\MiKTeX 2.9\tex/latex/hyperref\hpdftex.
def"
File: hpdftex.def 2018/11/30 v6.88e Hyperref driver for pdfTeX
\Fld@listcount=\count314
\c@bookmark@seq@number=\count315

("C:\Users\Akvile\AppData\Local\Programs\MiKTeX 2.9\tex/latex/oberdiek\rerunfil
echeck.sty"
Package: rerunfilecheck 2016/05/16 v1.8 Rerun checks for auxiliary files (HO)
Package uniquecounter Info: New unique counter `rerunfilecheck' on input line 2
82.
)
\Hy@SectionHShift=\skip70
)
Package hyperref Info: Option `colorlinks' set `true' on input line 30.


Package biblatex Warning: File 'lithuanian-apa.lbx' not found!
(biblatex)                Ignoring mapping 'lithuanian' -> 'lithuanian-apa'.

Package biblatex Info: Trying to load language 'lithuanian'...
Package biblatex Info: ... file 'lithuanian.lbx' not found.

Package biblatex Warning: Language 'lithuanian' not supported.
(biblatex)                Using fallback language 'english' on input line 35.

Package biblatex Info: Trying to load language 'english' -> 'english-apa'...
Package biblatex Info: ... file 'english-apa.lbx' found.

("C:\Users\Akvile\AppData\Local\Programs\MiKTeX 2.9\tex/latex/biblatex-apa\engl
ish-apa.lbx"
File: english-apa.lbx 2018/04/02 v7.7 APA biblatex localisation
Package biblatex Info: Trying to load language 'english'...
Package biblatex Info: ... file 'english.lbx' found.

("C:\Users\Akvile\AppData\Local\Programs\MiKTeX 2.9\tex/latex/biblatex/lbx\engl
ish.lbx"
File: english.lbx 2018/11/02 v3.12 biblatex localization (PK/MW)
)
Package biblatex Info: Trying to load language 'american' -> 'american-apa'...
Package biblatex Info: ... file 'american-apa.lbx' found.

("C:\Users\Akvile\AppData\Local\Programs\MiKTeX 2.9\tex/latex/biblatex-apa\amer
ican-apa.lbx"
File: american-apa.lbx 2018/04/02 v7.7 APA biblatex localisation
Package biblatex Info: Trying to load language 'american'...
Package biblatex Info: ... file 'american.lbx' found.

("C:\Users\Akvile\AppData\Local\Programs\MiKTeX 2.9\tex/latex/biblatex/lbx\amer
ican.lbx"
File: american.lbx 2018/11/02 v3.12 biblatex localization (PK/MW)
Package biblatex Info: Trying to load language 'english'...
Package biblatex Info: ... file 'english.lbx' found.

("C:\Users\Akvile\AppData\Local\Programs\MiKTeX 2.9\tex/latex/biblatex/lbx\engl
ish.lbx"
File: english.lbx 2018/11/02 v3.12 biblatex localization (PK/MW)
))))

Package biblatex Warning: 'babel/polyglossia' detected but 'csquotes' missing.
(biblatex)                Loading 'csquotes' recommended.

\@quotelevel=\count316
\@quotereset=\count317
(Rasto_darbas.aux)
\openout1 = `Rasto_darbas.aux'.

LaTeX Font Info:    Checking defaults for OML/cmm/m/it on input line 35.
LaTeX Font Info:    ... okay on input line 35.
LaTeX Font Info:    Checking defaults for T1/cmr/m/n on input line 35.
LaTeX Font Info:    ... okay on input line 35.
LaTeX Font Info:    Checking defaults for OT1/cmr/m/n on input line 35.
LaTeX Font Info:    ... okay on input line 35.
LaTeX Font Info:    Checking defaults for OMS/cmsy/m/n on input line 35.
LaTeX Font Info:    ... okay on input line 35.
LaTeX Font Info:    Checking defaults for OMX/cmex/m/n on input line 35.
LaTeX Font Info:    ... okay on input line 35.
LaTeX Font Info:    Checking defaults for U/cmr/m/n on input line 35.
LaTeX Font Info:    ... okay on input line 35.
LaTeX Font Info:    Checking defaults for L7x/lmr/m/n on input line 35.
LaTeX Font Info:    ... okay on input line 35.
LaTeX Font Info:    Checking defaults for PD1/pdf/m/n on input line 35.
LaTeX Font Info:    ... okay on input line 35.

*geometry* driver: auto-detecting
*geometry* detected driver: pdftex
*geometry* verbose mode - [ preamble ] result:
* driver: pdftex
* paper: a4paper
* layout: <same size as paper>
* layoutoffset:(h,v)=(0.0pt,0.0pt)
* modes: 
* h-part:(L,W,R)=(113.81102pt, 412.56497pt, 71.13188pt)
* v-part:(T,H,B)=(56.9055pt, 731.23584pt, 56.9055pt)
* \paperwidth=597.50787pt
* \paperheight=845.04684pt
* \textwidth=412.56497pt
* \textheight=731.23584pt
* \oddsidemargin=41.54103pt
* \evensidemargin=41.54103pt
* \topmargin=-52.36449pt
* \headheight=12.0pt
* \headsep=25.0pt
* \topskip=12.0pt
* \footskip=30.0pt
* \marginparwidth=0.0pt
* \marginparsep=0.0pt
* \columnsep=10.0pt
* \skip\footins=10.8pt plus 4.0pt minus 2.0pt
* \hoffset=0.0pt
* \voffset=0.0pt
* \mag=1000
* \@twocolumnfalse
* \@twosidefalse
* \@mparswitchfalse
* \@reversemarginfalse
* (1in=72.27pt=25.4mm, 1cm=28.453pt)

Package biblatex Info: Input encoding 'utf8' detected.
Package biblatex Info: Automatic encoding selection.
(biblatex)             Assuming data encoding 'utf8'.
\openout3 = `Rasto_darbas.bcf'.

Package biblatex Info: Trying to load bibliographic data...
Package biblatex Info: ... file 'Rasto_darbas.bbl' found.
(Rasto_darbas.bbl)
Package biblatex Info: Reference section=0 on input line 35.
Package biblatex Info: Reference segment=0 on input line 35.

("C:\Users\Akvile\AppData\Local\Programs\MiKTeX 2.9\tex/context/base/mkii\supp-
pdf.mkii"
[Loading MPS to PDF converter (version 2006.09.02).]
\scratchcounter=\count318
\scratchdimen=\dimen128
\scratchbox=\box31
\nofMPsegments=\count319
\nofMParguments=\count320
\everyMPshowfont=\toks25
\MPscratchCnt=\count321
\MPscratchDim=\dimen129
\MPnumerator=\count322
\makeMPintoPDFobject=\count323
\everyMPtoPDFconversion=\toks26
)
("C:\Users\Akvile\AppData\Local\Programs\MiKTeX 2.9\tex/latex/oberdiek\epstopdf
-base.sty"
Package: epstopdf-base 2016/05/15 v2.6 Base part for package epstopdf

("C:\Users\Akvile\AppData\Local\Programs\MiKTeX 2.9\tex/latex/oberdiek\grfext.s
ty"
Package: grfext 2016/05/16 v1.2 Manage graphics extensions (HO)
)
Package epstopdf-base Info: Redefining graphics rule for `.eps' on input line 4
38.
Package grfext Info: Graphics extension search list:
(grfext)             [.pdf,.png,.jpg,.mps,.jpeg,.jbig2,.jb2,.PDF,.PNG,.JPG,.JPE
G,.JBIG2,.JB2,.eps]
(grfext)             \AppendGraphicsExtensions on input line 456.
)
\AtBeginShipoutBox=\box32

("C:\Users\Akvile\AppData\Local\Programs\MiKTeX 2.9\tex/latex/graphics\color.st
y"
Package: color 2016/07/10 v1.1e Standard LaTeX Color (DPC)

("C:\Users\Akvile\AppData\Local\Programs\MiKTeX 2.9\tex/latex/graphics-cfg\colo
r.cfg"
File: color.cfg 2016/01/02 v1.6 sample color configuration
)
Package color Info: Driver file: pdftex.def on input line 147.
)
Package hyperref Info: Link coloring ON on input line 35.

("C:\Users\Akvile\AppData\Local\Programs\MiKTeX 2.9\tex/latex/hyperref\nameref.
sty"
Package: nameref 2016/05/21 v2.44 Cross-referencing by name of section

("C:\Users\Akvile\AppData\Local\Programs\MiKTeX 2.9\tex/generic/oberdiek\gettit
lestring.sty"
Package: gettitlestring 2016/05/16 v1.5 Cleanup title references (HO)
)
\c@section@level=\count324
)
LaTeX Info: Redefining \ref on input line 35.
LaTeX Info: Redefining \pageref on input line 35.
LaTeX Info: Redefining \nameref on input line 35.
 (Rasto_darbas.out) (Rasto_darbas.out)
\@outlinefile=\write4
\openout4 = `Rasto_darbas.out'.

LaTeX Font Info:    Try loading font information for U+msa on input line 37.

("C:\Users\Akvile\AppData\Local\Programs\MiKTeX 2.9\tex/latex/amsfonts\umsa.fd"
File: umsa.fd 2013/01/14 v3.01 AMS symbols A
)
LaTeX Font Info:    Try loading font information for U+msb on input line 37.
 ("C:\Users\Akvile\AppData\Local\Programs\MiKTeX 2.9\tex/latex/amsfonts\umsb.fd
"
File: umsb.fd 2013/01/14 v3.01 AMS symbols B
) [1

{C:/Users/Akvile/AppData/Local/MiKTeX/2.9/pdftex/config/pdftex.map}]
(Rasto_darbas.toc)
\tf@toc=\write5
\openout5 = `Rasto_darbas.toc'.

pdfTeX warning (ext4): destination with the same identifier (name{page.1}) has 
been already used, duplicate ignored
<to be read again> 
                   \relax 
l.38 \newpage
              [1]

Package hyperref Warning: Composite letter `\textdotaccent+e'
(hyperref)                not defined in PD1 encoding,
(hyperref)                removing `\textdotaccent' on input line 41.

<Besimokantieji_palyginti_su_visais_gyventojais.jpeg, id=62, 650.43pt x 433.62p
t>
File: Besimokantieji_palyginti_su_visais_gyventojais.jpeg Graphic file (type jp
g)
<use Besimokantieji_palyginti_su_visais_gyventojais.jpeg>
Package pdftex.def Info: Besimokantieji_palyginti_su_visais_gyventojais.jpeg  u
sed on input line 47.
(pdftex.def)             Requested size: 487.8213pt x 325.2142pt.

Overfull \hbox (75.25633pt too wide) in paragraph at lines 47--48
 [] 
 []

[2 <./Besimokantieji_palyginti_su_visais_gyventojais.jpeg (PNG copy)>]
<Dalyvavimo_lygis_svietimo_ir_mokymo_srityje.jpeg, id=73, 650.43pt x 433.62pt>
File: Dalyvavimo_lygis_svietimo_ir_mokymo_srityje.jpeg Graphic file (type jpg)
<use Dalyvavimo_lygis_svietimo_ir_mokymo_srityje.jpeg>
Package pdftex.def Info: Dalyvavimo_lygis_svietimo_ir_mokymo_srityje.jpeg  used
 on input line 77.
(pdftex.def)             Requested size: 487.8213pt x 325.2142pt.

Overfull \hbox (75.25633pt too wide) in paragraph at lines 77--78
 [] 
 []

[3] [4 <./Dalyvavimo_lygis_svietimo_ir_mokymo_srityje.jpeg (PNG copy)>]
Overfull \hbox (0.70285pt too wide) in paragraph at lines 88--89
[]\L7x/qtm/m/n/12 Europos ko-mi-si-jos re-ko-men-da-ci-jos: Ge-rin-ti ðvie-ti-
mo ir mo-ky-mo sis-te-mos, áskai-
 []


Package hyperref Warning: Composite letter `\textdotaccent+e'
(hyperref)                not defined in PD1 encoding,
(hyperref)                removing `\textdotaccent' on input line 93.

[5]
Overfull \hbox (2.335pt too wide) in paragraph at lines 134--135
\L7x/qtm/m/n/12 Vil-niaus Ge-di-mi-no tech-ni-kos uni-ver-si-te-to dës-ty-to-ja
 Lai-ma Okunevièiûtë-Neverauskienë
 []

[6]
<Suaugusiuju_mokymosi_priezastys.jpeg, id=117, 650.43pt x 433.62pt>
File: Suaugusiuju_mokymosi_priezastys.jpeg Graphic file (type jpg)
<use Suaugusiuju_mokymosi_priezastys.jpeg>
Package pdftex.def Info: Suaugusiuju_mokymosi_priezastys.jpeg  used on input li
ne 141.
(pdftex.def)             Requested size: 487.8213pt x 325.2142pt.

Overfull \hbox (75.25633pt too wide) in paragraph at lines 141--142
 [] 
 []

[7] [8 <./Suaugusiuju_mokymosi_priezastys.jpeg (PNG copy)>] [9]

Package hyperref Warning: Composite letter `\textdotaccent+e'
(hyperref)                not defined in PD1 encoding,
(hyperref)                removing `\textdotaccent' on input line 177.


Package hyperref Warning: Composite letter `\textdotaccent+e'
(hyperref)                not defined in PD1 encoding,
(hyperref)                removing `\textdotaccent' on input line 177.

[10] [11] [12]
Overfull \hbox (2.64987pt too wide) in paragraph at lines 201--201
[][]\L7x/qtm/m/n/12 Jakðtienë, S. (2013). Uþ-im-tu-mà le-mian-èiø mik-ro-e-ko-n
o-mi-niø ir mak-ro-e-ko-no-mi-niø veiks-
 []


Overfull \hbox (10.00298pt too wide) in paragraph at lines 201--201
\L7x/qtm/m/n/12 au-gu-siø-jø mo-ky-ma-sis Lie-tu-vo-je: ap-rëp-tis, po-rei-kiai
 ir pa-siû-la ata-skai-ta:[rankraðtis].
 []

Package atveryend Info: Empty hook `BeforeClearDocument' on input line 207.
[13]
Package atveryend Info: Empty hook `AfterLastShipout' on input line 207.
 (Rasto_darbas.aux)
Package atveryend Info: Executing hook `AtVeryEndDocument' on input line 207.
Package atveryend Info: Executing hook `AtEndAfterFileList' on input line 207.
Package rerunfilecheck Info: File `Rasto_darbas.out' has not changed.
(rerunfilecheck)             Checksum: 493F859D9E63C9CF4D5729BD2106BDD3;821.
Package logreq Info: Writing requests to 'Rasto_darbas.run.xml'.
\openout1 = `Rasto_darbas.run.xml'.

 ) 
Here is how much of TeX's memory you used:
 14580 strings out of 492895
 245988 string characters out of 3123268
 740184 words of memory out of 3000000
 18214 multiletter control sequences out of 15000+200000
 28946 words of font info for 52 fonts, out of 3000000 for 9000
 1141 hyphenation exceptions out of 8191
 53i,10n,56p,2059b,3866s stack positions out of 5000i,500n,10000p,200000b,50000s
{C:/Users/Akvile/AppData/Local/Programs/MiKTeX 2.9/fonts/enc/dvips/tex-gyre/q
-l7x.enc}<C:/Users/Akvile/AppData/Local/Programs/MiKTeX 2.9/fonts/type1/public/
tex-gyre/qtmb.pfb><C:/Users/Akvile/AppData/Local/Programs/MiKTeX 2.9/fonts/type
1/public/tex-gyre/qtmr.pfb><C:/Users/Akvile/AppData/Local/Programs/MiKTeX 2.9/f
onts/type1/public/tex-gyre/qtmri.pfb>
Output written on Rasto_darbas.pdf (14 pages, 267300 bytes).
PDF statistics:
 212 PDF objects out of 1000 (max. 8388607)
 74 named destinations out of 1000 (max. 500000)
 88 words of extra memory for PDF output out of 10000 (max. 10000000)

